{"level":"info","message":"Server start","timestamp":"2020-08-22T17:20:10.240Z"}
{"level":"info","message":"Server start","timestamp":"2020-08-22T17:20:55.504Z"}
{"level":"info","message":"clientIdentity: 1, requestId: undefined","timestamp":"2020-08-22T17:21:09.575Z"}
{"level":"info","message":"clientIdentity: 2, requestId: undefined","timestamp":"2020-08-22T17:21:09.793Z"}
{"level":"info","message":"Server start","timestamp":"2020-08-22T17:26:10.059Z"}
{"level":"info","message":"Server start","timestamp":"2020-08-22T17:40:17.338Z"}
{"level":"info","message":"Server start","timestamp":"2020-08-22T17:44:03.334Z"}
{"level":"info","message":"Server start","timestamp":"2020-08-22T17:44:43.579Z"}
{"level":"info","message":"Server start","timestamp":"2020-08-22T17:48:54.716Z"}
{"level":"info","message":"Server start","timestamp":"2020-08-24T08:25:46.603Z"}
{"level":"error","message":"PayloadTooLargeError request entity too large PayloadTooLargeError: request entity too large\n    at readStream (/usr/local/lib/node_modules/sync-server/node_modules/raw-body/index.js:155:17)\n    at getRawBody (/usr/local/lib/node_modules/sync-server/node_modules/raw-body/index.js:108:12)\n    at read (/usr/local/lib/node_modules/sync-server/node_modules/body-parser/lib/read.js:77:3)\n    at jsonParser (/usr/local/lib/node_modules/sync-server/node_modules/body-parser/lib/types/json.js:134:5)\n    at Layer.handle [as handle_request] (/usr/local/lib/node_modules/sync-server/node_modules/express/lib/router/layer.js:95:5)\n    at trim_prefix (/usr/local/lib/node_modules/sync-server/node_modules/express/lib/router/index.js:317:13)\n    at /usr/local/lib/node_modules/sync-server/node_modules/express/lib/router/index.js:284:7\n    at Function.process_params (/usr/local/lib/node_modules/sync-server/node_modules/express/lib/router/index.js:335:12)\n    at next (/usr/local/lib/node_modules/sync-server/node_modules/express/lib/router/index.js:275:10)\n    at cors (/usr/local/lib/node_modules/sync-server/node_modules/cors/lib/index.js:188:7)","timestamp":"2020-08-24T08:25:54.185Z"}
{"level":"info","message":"Server start","timestamp":"2020-08-24T08:46:56.047Z"}
{"level":"error","message":"PayloadTooLargeError request entity too large PayloadTooLargeError: request entity too large\n    at readStream (/usr/local/lib/node_modules/sync-server/node_modules/raw-body/index.js:155:17)\n    at getRawBody (/usr/local/lib/node_modules/sync-server/node_modules/raw-body/index.js:108:12)\n    at read (/usr/local/lib/node_modules/sync-server/node_modules/body-parser/lib/read.js:77:3)\n    at jsonParser (/usr/local/lib/node_modules/sync-server/node_modules/body-parser/lib/types/json.js:134:5)\n    at Layer.handle [as handle_request] (/usr/local/lib/node_modules/sync-server/node_modules/express/lib/router/layer.js:95:5)\n    at trim_prefix (/usr/local/lib/node_modules/sync-server/node_modules/express/lib/router/index.js:317:13)\n    at /usr/local/lib/node_modules/sync-server/node_modules/express/lib/router/index.js:284:7\n    at Function.process_params (/usr/local/lib/node_modules/sync-server/node_modules/express/lib/router/index.js:335:12)\n    at next (/usr/local/lib/node_modules/sync-server/node_modules/express/lib/router/index.js:275:10)\n    at cors (/usr/local/lib/node_modules/sync-server/node_modules/cors/lib/index.js:188:7)","timestamp":"2020-08-24T08:47:03.693Z"}
{"level":"error","message":"PayloadTooLargeError request entity too large PayloadTooLargeError: request entity too large\n    at readStream (/usr/local/lib/node_modules/sync-server/node_modules/raw-body/index.js:155:17)\n    at getRawBody (/usr/local/lib/node_modules/sync-server/node_modules/raw-body/index.js:108:12)\n    at read (/usr/local/lib/node_modules/sync-server/node_modules/body-parser/lib/read.js:77:3)\n    at jsonParser (/usr/local/lib/node_modules/sync-server/node_modules/body-parser/lib/types/json.js:134:5)\n    at Layer.handle [as handle_request] (/usr/local/lib/node_modules/sync-server/node_modules/express/lib/router/layer.js:95:5)\n    at trim_prefix (/usr/local/lib/node_modules/sync-server/node_modules/express/lib/router/index.js:317:13)\n    at /usr/local/lib/node_modules/sync-server/node_modules/express/lib/router/index.js:284:7\n    at Function.process_params (/usr/local/lib/node_modules/sync-server/node_modules/express/lib/router/index.js:335:12)\n    at next (/usr/local/lib/node_modules/sync-server/node_modules/express/lib/router/index.js:275:10)\n    at cors (/usr/local/lib/node_modules/sync-server/node_modules/cors/lib/index.js:188:7)","timestamp":"2020-08-24T08:47:44.793Z"}
{"level":"error","message":"PayloadTooLargeError request entity too large PayloadTooLargeError: request entity too large\n    at readStream (/usr/local/lib/node_modules/sync-server/node_modules/raw-body/index.js:155:17)\n    at getRawBody (/usr/local/lib/node_modules/sync-server/node_modules/raw-body/index.js:108:12)\n    at read (/usr/local/lib/node_modules/sync-server/node_modules/body-parser/lib/read.js:77:3)\n    at jsonParser (/usr/local/lib/node_modules/sync-server/node_modules/body-parser/lib/types/json.js:134:5)\n    at Layer.handle [as handle_request] (/usr/local/lib/node_modules/sync-server/node_modules/express/lib/router/layer.js:95:5)\n    at trim_prefix (/usr/local/lib/node_modules/sync-server/node_modules/express/lib/router/index.js:317:13)\n    at /usr/local/lib/node_modules/sync-server/node_modules/express/lib/router/index.js:284:7\n    at Function.process_params (/usr/local/lib/node_modules/sync-server/node_modules/express/lib/router/index.js:335:12)\n    at next (/usr/local/lib/node_modules/sync-server/node_modules/express/lib/router/index.js:275:10)\n    at cors (/usr/local/lib/node_modules/sync-server/node_modules/cors/lib/index.js:188:7)","timestamp":"2020-08-24T08:47:44.886Z"}
{"level":"info","message":"Server start","timestamp":"2020-08-24T08:52:53.300Z"}
{"level":"info","message":"Server start","timestamp":"2020-08-24T08:54:55.734Z"}
{"level":"error","message":"PayloadTooLargeError request entity too large PayloadTooLargeError: request entity too large\n    at readStream (/usr/local/lib/node_modules/sync-server/node_modules/raw-body/index.js:155:17)\n    at getRawBody (/usr/local/lib/node_modules/sync-server/node_modules/raw-body/index.js:108:12)\n    at read (/usr/local/lib/node_modules/sync-server/node_modules/body-parser/lib/read.js:77:3)\n    at jsonParser (/usr/local/lib/node_modules/sync-server/node_modules/body-parser/lib/types/json.js:134:5)\n    at Layer.handle [as handle_request] (/usr/local/lib/node_modules/sync-server/node_modules/express/lib/router/layer.js:95:5)\n    at trim_prefix (/usr/local/lib/node_modules/sync-server/node_modules/express/lib/router/index.js:317:13)\n    at /usr/local/lib/node_modules/sync-server/node_modules/express/lib/router/index.js:284:7\n    at Function.process_params (/usr/local/lib/node_modules/sync-server/node_modules/express/lib/router/index.js:335:12)\n    at next (/usr/local/lib/node_modules/sync-server/node_modules/express/lib/router/index.js:275:10)\n    at cors (/usr/local/lib/node_modules/sync-server/node_modules/cors/lib/index.js:188:7)","timestamp":"2020-08-24T08:55:42.629Z"}
{"level":"error","message":"PayloadTooLargeError request entity too large PayloadTooLargeError: request entity too large\n    at readStream (/usr/local/lib/node_modules/sync-server/node_modules/raw-body/index.js:155:17)\n    at getRawBody (/usr/local/lib/node_modules/sync-server/node_modules/raw-body/index.js:108:12)\n    at read (/usr/local/lib/node_modules/sync-server/node_modules/body-parser/lib/read.js:77:3)\n    at jsonParser (/usr/local/lib/node_modules/sync-server/node_modules/body-parser/lib/types/json.js:134:5)\n    at Layer.handle [as handle_request] (/usr/local/lib/node_modules/sync-server/node_modules/express/lib/router/layer.js:95:5)\n    at trim_prefix (/usr/local/lib/node_modules/sync-server/node_modules/express/lib/router/index.js:317:13)\n    at /usr/local/lib/node_modules/sync-server/node_modules/express/lib/router/index.js:284:7\n    at Function.process_params (/usr/local/lib/node_modules/sync-server/node_modules/express/lib/router/index.js:335:12)\n    at next (/usr/local/lib/node_modules/sync-server/node_modules/express/lib/router/index.js:275:10)\n    at cors (/usr/local/lib/node_modules/sync-server/node_modules/cors/lib/index.js:188:7)","timestamp":"2020-08-24T08:58:14.618Z"}
{"level":"info","message":"clientIdentity: 15, requestId: undefined","timestamp":"2020-08-24T08:59:11.589Z"}
{"level":"info","message":"clientIdentity: 15, requestId: undefined","timestamp":"2020-08-24T09:34:11.316Z"}
{"level":"info","message":"clientIdentity: 15, requestId: undefined","timestamp":"2020-08-24T09:34:50.462Z"}
{"level":"info","message":"clientIdentity: 15, requestId: undefined","timestamp":"2020-08-24T09:36:44.285Z"}
{"level":"info","message":"clientIdentity: 15, requestId: undefined","timestamp":"2020-08-24T09:37:06.501Z"}
{"level":"info","message":"clientIdentity: 15, requestId: undefined","timestamp":"2020-08-24T09:37:40.081Z"}
{"level":"info","message":"clientIdentity: 15, requestId: undefined","timestamp":"2020-08-24T09:39:03.257Z"}
{"level":"info","message":"clientIdentity: 15, requestId: undefined","timestamp":"2020-08-24T09:39:07.171Z"}
{"level":"info","message":"clientIdentity: 15, requestId: undefined","timestamp":"2020-08-24T09:41:32.559Z"}
{"level":"info","message":"clientIdentity: 15, requestId: undefined","timestamp":"2020-08-24T09:41:33.961Z"}
{"level":"info","message":"clientIdentity: 15, requestId: undefined","timestamp":"2020-08-24T09:42:25.859Z"}
{"level":"info","message":"clientIdentity: 15, requestId: undefined","timestamp":"2020-08-24T09:45:03.547Z"}
{"level":"info","message":"clientIdentity: 15, requestId: undefined","timestamp":"2020-08-24T09:45:31.835Z"}
{"level":"info","message":"clientIdentity: 15, requestId: undefined","timestamp":"2020-08-24T09:45:40.325Z"}
{"level":"info","message":"Server start","timestamp":"2020-08-24T09:47:54.296Z"}
{"level":"info","message":"clientIdentity: 15, requestId: undefined","timestamp":"2020-08-24T09:48:50.016Z"}
{"level":"info","message":"clientIdentity: 15, requestId: undefined","timestamp":"2020-08-24T09:48:51.655Z"}
{"level":"info","message":"clientIdentity: 16, requestId: undefined","timestamp":"2020-08-24T09:50:09.022Z"}
{"level":"info","message":"Server start","timestamp":"2020-08-24T09:52:26.053Z"}
{"level":"error","message":"PayloadTooLargeError request entity too large PayloadTooLargeError: request entity too large\n    at readStream (/usr/local/lib/node_modules/sync-server/node_modules/raw-body/index.js:155:17)\n    at getRawBody (/usr/local/lib/node_modules/sync-server/node_modules/raw-body/index.js:108:12)\n    at read (/usr/local/lib/node_modules/sync-server/node_modules/body-parser/lib/read.js:77:3)\n    at jsonParser (/usr/local/lib/node_modules/sync-server/node_modules/body-parser/lib/types/json.js:134:5)\n    at Layer.handle [as handle_request] (/usr/local/lib/node_modules/sync-server/node_modules/express/lib/router/layer.js:95:5)\n    at trim_prefix (/usr/local/lib/node_modules/sync-server/node_modules/express/lib/router/index.js:317:13)\n    at /usr/local/lib/node_modules/sync-server/node_modules/express/lib/router/index.js:284:7\n    at Function.process_params (/usr/local/lib/node_modules/sync-server/node_modules/express/lib/router/index.js:335:12)\n    at next (/usr/local/lib/node_modules/sync-server/node_modules/express/lib/router/index.js:275:10)\n    at cors (/usr/local/lib/node_modules/sync-server/node_modules/cors/lib/index.js:188:7)","timestamp":"2020-08-24T09:57:33.733Z"}
{"level":"info","message":"Server start","timestamp":"2020-08-24T09:58:25.177Z"}
{"level":"info","message":"clientIdentity: 17, requestId: undefined","timestamp":"2020-08-24T09:59:26.992Z"}
{"level":"info","message":"Server start","timestamp":"2020-08-24T10:10:47.301Z"}
{"level":"info","message":"clientIdentity: 17, requestId: undefined","timestamp":"2020-08-24T10:11:49.059Z"}
{"level":"info","message":"clientIdentity: 17, requestId: undefined","timestamp":"2020-08-24T10:11:59.097Z"}
{"level":"info","message":"clientIdentity: 17, requestId: undefined","timestamp":"2020-08-24T10:12:09.118Z"}
{"level":"info","message":"clientIdentity: 17, requestId: undefined","timestamp":"2020-08-24T10:12:19.129Z"}
{"level":"info","message":"clientIdentity: 17, requestId: undefined","timestamp":"2020-08-24T10:12:29.157Z"}
{"level":"info","message":"clientIdentity: 17, requestId: undefined","timestamp":"2020-08-24T10:12:39.172Z"}
{"level":"info","message":"clientIdentity: 17, requestId: undefined","timestamp":"2020-08-24T10:12:49.186Z"}
{"level":"info","message":"clientIdentity: 17, requestId: undefined","timestamp":"2020-08-24T10:12:59.590Z"}
{"level":"info","message":"clientIdentity: 17, requestId: undefined","timestamp":"2020-08-24T10:13:09.769Z"}
{"level":"info","message":"clientIdentity: 17, requestId: undefined","timestamp":"2020-08-24T10:13:20.549Z"}
{"level":"info","message":"clientIdentity: 17, requestId: undefined","timestamp":"2020-08-24T10:13:30.835Z"}
{"level":"info","message":"clientIdentity: 17, requestId: undefined","timestamp":"2020-08-24T10:13:41.840Z"}
{"level":"info","message":"clientIdentity: 17, requestId: undefined","timestamp":"2020-08-24T10:13:52.395Z"}
{"level":"info","message":"clientIdentity: 17, requestId: undefined","timestamp":"2020-08-24T10:14:03.793Z"}
{"level":"info","message":"clientIdentity: 17, requestId: undefined","timestamp":"2020-08-24T10:14:14.446Z"}
{"level":"info","message":"clientIdentity: 17, requestId: undefined","timestamp":"2020-08-24T10:14:24.793Z"}
{"level":"info","message":"clientIdentity: 17, requestId: undefined","timestamp":"2020-08-24T10:14:34.823Z"}
{"level":"info","message":"clientIdentity: 17, requestId: undefined","timestamp":"2020-08-24T10:14:45.593Z"}
{"level":"info","message":"clientIdentity: 17, requestId: undefined","timestamp":"2020-08-24T10:14:56.399Z"}
{"level":"info","message":"clientIdentity: 17, requestId: undefined","timestamp":"2020-08-24T10:15:06.757Z"}
{"level":"info","message":"clientIdentity: 17, requestId: undefined","timestamp":"2020-08-24T10:15:16.798Z"}
{"level":"info","message":"clientIdentity: 17, requestId: undefined","timestamp":"2020-08-24T10:15:27.642Z"}
{"level":"info","message":"clientIdentity: 17, requestId: undefined","timestamp":"2020-08-24T10:15:37.714Z"}
{"level":"info","message":"clientIdentity: 17, requestId: undefined","timestamp":"2020-08-24T10:15:48.859Z"}
{"level":"info","message":"clientIdentity: 17, requestId: undefined","timestamp":"2020-08-24T10:15:59.399Z"}
{"level":"info","message":"clientIdentity: 17, requestId: undefined","timestamp":"2020-08-24T10:16:10.812Z"}
{"level":"info","message":"clientIdentity: 17, requestId: undefined","timestamp":"2020-08-24T10:16:21.550Z"}
{"level":"info","message":"clientIdentity: 17, requestId: undefined","timestamp":"2020-08-24T10:16:31.755Z"}
{"level":"info","message":"clientIdentity: 17, requestId: undefined","timestamp":"2020-08-24T10:16:33.790Z"}
{"level":"info","message":"clientIdentity: 17, requestId: undefined","timestamp":"2020-08-24T10:16:44.730Z"}
{"level":"info","message":"clientIdentity: 17, requestId: undefined","timestamp":"2020-08-24T10:16:54.822Z"}
{"level":"info","message":"clientIdentity: 17, requestId: undefined","timestamp":"2020-08-24T10:17:05.802Z"}
{"level":"info","message":"clientIdentity: 17, requestId: undefined","timestamp":"2020-08-24T10:17:16.008Z"}
{"level":"info","message":"clientIdentity: 17, requestId: undefined","timestamp":"2020-08-24T10:17:21.271Z"}
{"level":"info","message":"clientIdentity: 17, requestId: undefined","timestamp":"2020-08-24T10:17:31.283Z"}
{"level":"info","message":"clientIdentity: 17, requestId: undefined","timestamp":"2020-08-24T10:17:41.296Z"}
{"level":"info","message":"clientIdentity: 17, requestId: undefined","timestamp":"2020-08-24T10:17:51.307Z"}
{"level":"info","message":"clientIdentity: 17, requestId: undefined","timestamp":"2020-08-24T10:18:01.320Z"}
{"level":"info","message":"clientIdentity: 17, requestId: undefined","timestamp":"2020-08-24T10:18:11.334Z"}
{"level":"info","message":"clientIdentity: 17, requestId: undefined","timestamp":"2020-08-24T10:18:21.349Z"}
{"level":"info","message":"clientIdentity: 17, requestId: undefined","timestamp":"2020-08-24T10:18:31.360Z"}
{"level":"info","message":"clientIdentity: 17, requestId: undefined","timestamp":"2020-08-24T10:18:41.371Z"}
{"level":"info","message":"clientIdentity: 17, requestId: undefined","timestamp":"2020-08-24T10:18:51.382Z"}
{"level":"info","message":"clientIdentity: 17, requestId: undefined","timestamp":"2020-08-24T10:19:01.395Z"}
{"level":"info","message":"clientIdentity: 17, requestId: undefined","timestamp":"2020-08-24T10:19:11.407Z"}
{"level":"info","message":"clientIdentity: 17, requestId: undefined","timestamp":"2020-08-24T10:19:21.420Z"}
{"level":"info","message":"clientIdentity: 17, requestId: undefined","timestamp":"2020-08-24T10:19:31.608Z"}
{"level":"info","message":"clientIdentity: 17, requestId: undefined","timestamp":"2020-08-24T10:19:41.779Z"}
{"level":"info","message":"clientIdentity: 17, requestId: undefined","timestamp":"2020-08-24T10:19:51.806Z"}
{"level":"info","message":"clientIdentity: 17, requestId: undefined","timestamp":"2020-08-24T10:20:02.409Z"}
{"level":"info","message":"clientIdentity: 17, requestId: undefined","timestamp":"2020-08-24T10:20:13.499Z"}
{"level":"info","message":"clientIdentity: 17, requestId: undefined","timestamp":"2020-08-24T10:20:23.823Z"}
{"level":"info","message":"clientIdentity: 17, requestId: undefined","timestamp":"2020-08-24T10:20:33.847Z"}
{"level":"info","message":"clientIdentity: 17, requestId: undefined","timestamp":"2020-08-24T10:20:43.884Z"}
{"level":"info","message":"clientIdentity: 17, requestId: undefined","timestamp":"2020-08-24T10:20:54.698Z"}
{"level":"info","message":"clientIdentity: 17, requestId: undefined","timestamp":"2020-08-24T10:21:04.871Z"}
{"level":"info","message":"clientIdentity: 17, requestId: undefined","timestamp":"2020-08-24T10:21:15.410Z"}
{"level":"info","message":"clientIdentity: 17, requestId: undefined","timestamp":"2020-08-24T10:21:25.788Z"}
{"level":"info","message":"clientIdentity: 17, requestId: undefined","timestamp":"2020-08-24T10:21:36.428Z"}
{"level":"info","message":"clientIdentity: 17, requestId: undefined","timestamp":"2020-08-24T10:21:46.440Z"}
{"level":"info","message":"clientIdentity: 17, requestId: undefined","timestamp":"2020-08-24T10:21:56.453Z"}
{"level":"info","message":"clientIdentity: 17, requestId: undefined","timestamp":"2020-08-24T10:22:06.466Z"}
{"level":"info","message":"clientIdentity: 18, requestId: undefined","timestamp":"2020-08-24T10:22:12.579Z"}
{"level":"info","message":"clientIdentity: 17, requestId: undefined","timestamp":"2020-08-24T10:22:16.484Z"}
{"level":"info","message":"clientIdentity: 18, requestId: undefined","timestamp":"2020-08-24T10:22:22.612Z"}
{"level":"info","message":"clientIdentity: 17, requestId: undefined","timestamp":"2020-08-24T10:22:26.498Z"}
{"level":"info","message":"clientIdentity: 18, requestId: undefined","timestamp":"2020-08-24T10:22:32.626Z"}
{"level":"info","message":"clientIdentity: 18, requestId: undefined","timestamp":"2020-08-24T10:22:36.163Z"}
{"level":"info","message":"clientIdentity: 17, requestId: undefined","timestamp":"2020-08-24T10:22:36.513Z"}
{"level":"info","message":"clientIdentity: 18, requestId: undefined","timestamp":"2020-08-24T10:22:46.425Z"}
{"level":"info","message":"clientIdentity: 17, requestId: undefined","timestamp":"2020-08-24T10:22:46.538Z"}
{"level":"info","message":"clientIdentity: 18, requestId: undefined","timestamp":"2020-08-24T10:22:56.450Z"}
{"level":"info","message":"clientIdentity: 17, requestId: undefined","timestamp":"2020-08-24T10:22:56.556Z"}
{"level":"info","message":"clientIdentity: 18, requestId: undefined","timestamp":"2020-08-24T10:23:00.955Z"}
{"level":"info","message":"clientIdentity: 17, requestId: undefined","timestamp":"2020-08-24T10:23:04.700Z"}
{"level":"info","message":"clientIdentity: 18, requestId: undefined","timestamp":"2020-08-24T10:23:10.980Z"}
{"level":"info","message":"clientIdentity: 17, requestId: undefined","timestamp":"2020-08-24T10:23:14.735Z"}
{"level":"info","message":"clientIdentity: 18, requestId: undefined","timestamp":"2020-08-24T10:23:21.003Z"}
{"level":"info","message":"clientIdentity: 17, requestId: undefined","timestamp":"2020-08-24T10:23:25.412Z"}
{"level":"info","message":"clientIdentity: 18, requestId: undefined","timestamp":"2020-08-24T10:23:31.023Z"}
{"level":"info","message":"clientIdentity: 17, requestId: undefined","timestamp":"2020-08-24T10:23:35.430Z"}
{"level":"info","message":"clientIdentity: 18, requestId: undefined","timestamp":"2020-08-24T10:23:41.035Z"}
{"level":"info","message":"clientIdentity: 17, requestId: undefined","timestamp":"2020-08-24T10:23:45.441Z"}
{"level":"info","message":"clientIdentity: 18, requestId: undefined","timestamp":"2020-08-24T10:23:51.069Z"}
{"level":"info","message":"clientIdentity: 17, requestId: undefined","timestamp":"2020-08-24T10:23:55.456Z"}
{"level":"info","message":"clientIdentity: 18, requestId: undefined","timestamp":"2020-08-24T10:24:01.090Z"}
{"level":"info","message":"clientIdentity: 17, requestId: undefined","timestamp":"2020-08-24T10:24:05.469Z"}
{"level":"info","message":"clientIdentity: 18, requestId: undefined","timestamp":"2020-08-24T10:24:11.116Z"}
{"level":"info","message":"clientIdentity: 17, requestId: undefined","timestamp":"2020-08-24T10:24:15.481Z"}
{"level":"info","message":"clientIdentity: 18, requestId: undefined","timestamp":"2020-08-24T10:24:21.144Z"}
{"level":"info","message":"clientIdentity: 17, requestId: undefined","timestamp":"2020-08-24T10:24:25.494Z"}
{"level":"info","message":"clientIdentity: 18, requestId: undefined","timestamp":"2020-08-24T10:24:31.166Z"}
{"level":"info","message":"clientIdentity: 17, requestId: undefined","timestamp":"2020-08-24T10:24:35.505Z"}
{"level":"info","message":"clientIdentity: 18, requestId: undefined","timestamp":"2020-08-24T10:24:41.189Z"}
{"level":"info","message":"clientIdentity: 17, requestId: undefined","timestamp":"2020-08-24T10:24:45.822Z"}
{"level":"info","message":"clientIdentity: 18, requestId: undefined","timestamp":"2020-08-24T10:24:51.213Z"}
{"level":"info","message":"clientIdentity: 17, requestId: undefined","timestamp":"2020-08-24T10:24:56.858Z"}
{"level":"info","message":"clientIdentity: 18, requestId: undefined","timestamp":"2020-08-24T10:25:01.237Z"}
{"level":"info","message":"clientIdentity: 17, requestId: undefined","timestamp":"2020-08-24T10:25:07.710Z"}
{"level":"info","message":"clientIdentity: 18, requestId: undefined","timestamp":"2020-08-24T10:25:11.261Z"}
{"level":"info","message":"clientIdentity: 17, requestId: undefined","timestamp":"2020-08-24T10:25:18.549Z"}
{"level":"info","message":"clientIdentity: 18, requestId: undefined","timestamp":"2020-08-24T10:25:21.284Z"}
{"level":"info","message":"clientIdentity: 17, requestId: undefined","timestamp":"2020-08-24T10:25:28.625Z"}
{"level":"info","message":"clientIdentity: 18, requestId: undefined","timestamp":"2020-08-24T10:25:31.294Z"}
{"level":"info","message":"clientIdentity: 17, requestId: undefined","timestamp":"2020-08-24T10:25:39.416Z"}
{"level":"info","message":"clientIdentity: 18, requestId: undefined","timestamp":"2020-08-24T10:25:41.316Z"}
{"level":"info","message":"clientIdentity: 17, requestId: undefined","timestamp":"2020-08-24T10:25:49.430Z"}
{"level":"info","message":"clientIdentity: 18, requestId: undefined","timestamp":"2020-08-24T10:25:51.336Z"}
{"level":"info","message":"clientIdentity: 17, requestId: undefined","timestamp":"2020-08-24T10:26:00.523Z"}
{"level":"info","message":"clientIdentity: 18, requestId: undefined","timestamp":"2020-08-24T10:26:01.370Z"}
{"level":"info","message":"clientIdentity: 17, requestId: undefined","timestamp":"2020-08-24T10:26:10.534Z"}
{"level":"info","message":"clientIdentity: 18, requestId: undefined","timestamp":"2020-08-24T10:26:11.395Z"}
{"level":"error","message":"PayloadTooLargeError request entity too large PayloadTooLargeError: request entity too large\n    at readStream (/usr/local/lib/node_modules/sync-server/node_modules/raw-body/index.js:155:17)\n    at getRawBody (/usr/local/lib/node_modules/sync-server/node_modules/raw-body/index.js:108:12)\n    at read (/usr/local/lib/node_modules/sync-server/node_modules/body-parser/lib/read.js:77:3)\n    at jsonParser (/usr/local/lib/node_modules/sync-server/node_modules/body-parser/lib/types/json.js:134:5)\n    at Layer.handle [as handle_request] (/usr/local/lib/node_modules/sync-server/node_modules/express/lib/router/layer.js:95:5)\n    at trim_prefix (/usr/local/lib/node_modules/sync-server/node_modules/express/lib/router/index.js:317:13)\n    at /usr/local/lib/node_modules/sync-server/node_modules/express/lib/router/index.js:284:7\n    at Function.process_params (/usr/local/lib/node_modules/sync-server/node_modules/express/lib/router/index.js:335:12)\n    at next (/usr/local/lib/node_modules/sync-server/node_modules/express/lib/router/index.js:275:10)\n    at cors (/usr/local/lib/node_modules/sync-server/node_modules/cors/lib/index.js:188:7)","timestamp":"2020-08-24T10:26:21.249Z"}
{"level":"info","message":"clientIdentity: 18, requestId: undefined","timestamp":"2020-08-24T10:26:21.417Z"}
{"level":"info","message":"clientIdentity: 18, requestId: undefined","timestamp":"2020-08-24T10:26:31.428Z"}
{"level":"info","message":"clientIdentity: 18, requestId: undefined","timestamp":"2020-08-24T10:26:41.468Z"}
{"level":"info","message":"clientIdentity: 18, requestId: undefined","timestamp":"2020-08-24T10:26:51.490Z"}
{"level":"info","message":"clientIdentity: 18, requestId: undefined","timestamp":"2020-08-24T10:27:01.504Z"}
{"level":"info","message":"clientIdentity: 18, requestId: undefined","timestamp":"2020-08-24T10:27:11.537Z"}
{"level":"info","message":"clientIdentity: 18, requestId: undefined","timestamp":"2020-08-24T10:27:21.544Z"}
{"level":"info","message":"clientIdentity: 18, requestId: undefined","timestamp":"2020-08-24T10:27:31.559Z"}
{"level":"info","message":"clientIdentity: 17, requestId: undefined","timestamp":"2020-08-24T10:27:35.796Z"}
{"level":"error","message":"clientIdentity: 17. requestId: undefined. Error: Error Can't insert key 97, it violates the unique constraint Error: Can't insert key 97, it violates the unique constraint\n    at _AVLTree.insert (/usr/local/lib/node_modules/sync-server/node_modules/binary-search-tree/lib/avltree.js:273:19)\n    at AVLTree.insert (/usr/local/lib/node_modules/sync-server/node_modules/binary-search-tree/lib/avltree.js:307:27)\n    at Index.insert (/usr/local/lib/node_modules/sync-server/node_modules/nedb/lib/indexes.js:77:15)\n    at Datastore.addToIndexes (/usr/local/lib/node_modules/sync-server/node_modules/nedb/lib/datastore.js:180:29)\n    at Datastore._insertInCache (/usr/local/lib/node_modules/sync-server/node_modules/nedb/lib/datastore.js:402:10)\n    at Datastore._insert (/usr/local/lib/node_modules/sync-server/node_modules/nedb/lib/datastore.js:348:10)\n    at /usr/local/lib/node_modules/sync-server/node_modules/nedb/lib/executor.js:40:13\n    at Immediate.process (/usr/local/lib/node_modules/sync-server/node_modules/async/lib/async.js:731:21)\n    at processImmediate (internal/timers.js:456:21)","timestamp":"2020-08-24T10:27:35.812Z"}
{"level":"info","message":"clientIdentity: 18, requestId: undefined","timestamp":"2020-08-24T10:27:41.581Z"}
{"level":"info","message":"clientIdentity: 18, requestId: undefined","timestamp":"2020-08-24T10:27:51.602Z"}
{"level":"info","message":"clientIdentity: 18, requestId: undefined","timestamp":"2020-08-24T10:28:01.627Z"}
{"level":"info","message":"clientIdentity: 18, requestId: undefined","timestamp":"2020-08-24T10:28:11.649Z"}
{"level":"info","message":"clientIdentity: 18, requestId: undefined","timestamp":"2020-08-24T10:28:21.672Z"}
{"level":"info","message":"clientIdentity: 18, requestId: undefined","timestamp":"2020-08-24T10:28:31.699Z"}
{"level":"info","message":"clientIdentity: 18, requestId: undefined","timestamp":"2020-08-24T10:28:41.725Z"}
{"level":"info","message":"clientIdentity: 18, requestId: undefined","timestamp":"2020-08-24T10:28:51.751Z"}
{"level":"info","message":"clientIdentity: 18, requestId: undefined","timestamp":"2020-08-24T10:29:01.774Z"}
{"level":"info","message":"clientIdentity: 18, requestId: undefined","timestamp":"2020-08-24T10:29:11.795Z"}
{"level":"info","message":"clientIdentity: 18, requestId: undefined","timestamp":"2020-08-24T10:29:21.822Z"}
{"level":"info","message":"clientIdentity: 18, requestId: undefined","timestamp":"2020-08-24T10:29:31.842Z"}
{"level":"info","message":"clientIdentity: 18, requestId: undefined","timestamp":"2020-08-24T10:29:41.862Z"}
{"level":"info","message":"clientIdentity: 18, requestId: undefined","timestamp":"2020-08-24T10:29:51.884Z"}
{"level":"info","message":"clientIdentity: 18, requestId: undefined","timestamp":"2020-08-24T10:30:01.907Z"}
{"level":"info","message":"clientIdentity: 18, requestId: undefined","timestamp":"2020-08-24T10:30:11.917Z"}
{"level":"info","message":"clientIdentity: 18, requestId: undefined","timestamp":"2020-08-24T10:30:21.958Z"}
{"level":"info","message":"clientIdentity: 18, requestId: undefined","timestamp":"2020-08-24T10:30:31.983Z"}
{"level":"info","message":"clientIdentity: 18, requestId: undefined","timestamp":"2020-08-24T10:30:42.002Z"}
{"level":"info","message":"clientIdentity: 18, requestId: undefined","timestamp":"2020-08-24T10:30:52.023Z"}
{"level":"info","message":"clientIdentity: 18, requestId: undefined","timestamp":"2020-08-24T10:31:02.157Z"}
{"level":"info","message":"clientIdentity: 18, requestId: undefined","timestamp":"2020-08-24T10:31:03.660Z"}
{"level":"error","message":"PayloadTooLargeError request entity too large PayloadTooLargeError: request entity too large\n    at readStream (/usr/local/lib/node_modules/sync-server/node_modules/raw-body/index.js:155:17)\n    at getRawBody (/usr/local/lib/node_modules/sync-server/node_modules/raw-body/index.js:108:12)\n    at read (/usr/local/lib/node_modules/sync-server/node_modules/body-parser/lib/read.js:77:3)\n    at jsonParser (/usr/local/lib/node_modules/sync-server/node_modules/body-parser/lib/types/json.js:134:5)\n    at Layer.handle [as handle_request] (/usr/local/lib/node_modules/sync-server/node_modules/express/lib/router/layer.js:95:5)\n    at trim_prefix (/usr/local/lib/node_modules/sync-server/node_modules/express/lib/router/index.js:317:13)\n    at /usr/local/lib/node_modules/sync-server/node_modules/express/lib/router/index.js:284:7\n    at Function.process_params (/usr/local/lib/node_modules/sync-server/node_modules/express/lib/router/index.js:335:12)\n    at next (/usr/local/lib/node_modules/sync-server/node_modules/express/lib/router/index.js:275:10)\n    at cors (/usr/local/lib/node_modules/sync-server/node_modules/cors/lib/index.js:188:7)","timestamp":"2020-08-24T10:31:19.328Z"}
{"level":"error","message":"PayloadTooLargeError request entity too large PayloadTooLargeError: request entity too large\n    at readStream (/usr/local/lib/node_modules/sync-server/node_modules/raw-body/index.js:155:17)\n    at getRawBody (/usr/local/lib/node_modules/sync-server/node_modules/raw-body/index.js:108:12)\n    at read (/usr/local/lib/node_modules/sync-server/node_modules/body-parser/lib/read.js:77:3)\n    at jsonParser (/usr/local/lib/node_modules/sync-server/node_modules/body-parser/lib/types/json.js:134:5)\n    at Layer.handle [as handle_request] (/usr/local/lib/node_modules/sync-server/node_modules/express/lib/router/layer.js:95:5)\n    at trim_prefix (/usr/local/lib/node_modules/sync-server/node_modules/express/lib/router/index.js:317:13)\n    at /usr/local/lib/node_modules/sync-server/node_modules/express/lib/router/index.js:284:7\n    at Function.process_params (/usr/local/lib/node_modules/sync-server/node_modules/express/lib/router/index.js:335:12)\n    at next (/usr/local/lib/node_modules/sync-server/node_modules/express/lib/router/index.js:275:10)\n    at cors (/usr/local/lib/node_modules/sync-server/node_modules/cors/lib/index.js:188:7)","timestamp":"2020-08-24T10:31:54.922Z"}
{"level":"error","message":"PayloadTooLargeError request entity too large PayloadTooLargeError: request entity too large\n    at readStream (/usr/local/lib/node_modules/sync-server/node_modules/raw-body/index.js:155:17)\n    at getRawBody (/usr/local/lib/node_modules/sync-server/node_modules/raw-body/index.js:108:12)\n    at read (/usr/local/lib/node_modules/sync-server/node_modules/body-parser/lib/read.js:77:3)\n    at jsonParser (/usr/local/lib/node_modules/sync-server/node_modules/body-parser/lib/types/json.js:134:5)\n    at Layer.handle [as handle_request] (/usr/local/lib/node_modules/sync-server/node_modules/express/lib/router/layer.js:95:5)\n    at trim_prefix (/usr/local/lib/node_modules/sync-server/node_modules/express/lib/router/index.js:317:13)\n    at /usr/local/lib/node_modules/sync-server/node_modules/express/lib/router/index.js:284:7\n    at Function.process_params (/usr/local/lib/node_modules/sync-server/node_modules/express/lib/router/index.js:335:12)\n    at next (/usr/local/lib/node_modules/sync-server/node_modules/express/lib/router/index.js:275:10)\n    at cors (/usr/local/lib/node_modules/sync-server/node_modules/cors/lib/index.js:188:7)","timestamp":"2020-08-24T10:32:42.290Z"}
{"level":"error","message":"PayloadTooLargeError request entity too large PayloadTooLargeError: request entity too large\n    at readStream (/usr/local/lib/node_modules/sync-server/node_modules/raw-body/index.js:155:17)\n    at getRawBody (/usr/local/lib/node_modules/sync-server/node_modules/raw-body/index.js:108:12)\n    at read (/usr/local/lib/node_modules/sync-server/node_modules/body-parser/lib/read.js:77:3)\n    at jsonParser (/usr/local/lib/node_modules/sync-server/node_modules/body-parser/lib/types/json.js:134:5)\n    at Layer.handle [as handle_request] (/usr/local/lib/node_modules/sync-server/node_modules/express/lib/router/layer.js:95:5)\n    at trim_prefix (/usr/local/lib/node_modules/sync-server/node_modules/express/lib/router/index.js:317:13)\n    at /usr/local/lib/node_modules/sync-server/node_modules/express/lib/router/index.js:284:7\n    at Function.process_params (/usr/local/lib/node_modules/sync-server/node_modules/express/lib/router/index.js:335:12)\n    at next (/usr/local/lib/node_modules/sync-server/node_modules/express/lib/router/index.js:275:10)\n    at cors (/usr/local/lib/node_modules/sync-server/node_modules/cors/lib/index.js:188:7)","timestamp":"2020-08-24T10:53:03.593Z"}
{"level":"info","message":"clientIdentity: 19, requestId: undefined","timestamp":"2020-08-24T10:53:07.943Z"}
{"level":"info","message":"clientIdentity: 19, requestId: undefined","timestamp":"2020-08-24T10:53:17.956Z"}
{"level":"info","message":"clientIdentity: 19, requestId: undefined","timestamp":"2020-08-24T10:53:27.967Z"}
{"level":"info","message":"clientIdentity: 19, requestId: undefined","timestamp":"2020-08-24T10:53:37.981Z"}
{"level":"info","message":"clientIdentity: 19, requestId: undefined","timestamp":"2020-08-24T10:53:47.995Z"}
{"level":"info","message":"clientIdentity: 19, requestId: undefined","timestamp":"2020-08-24T10:53:58.746Z"}
{"level":"info","message":"clientIdentity: 19, requestId: undefined","timestamp":"2020-08-24T10:54:09.420Z"}
{"level":"info","message":"clientIdentity: 19, requestId: undefined","timestamp":"2020-08-24T10:54:20.905Z"}
{"level":"info","message":"clientIdentity: 19, requestId: undefined","timestamp":"2020-08-24T10:54:31.423Z"}
{"level":"info","message":"clientIdentity: 19, requestId: undefined","timestamp":"2020-08-24T10:54:41.771Z"}
{"level":"info","message":"clientIdentity: 19, requestId: undefined","timestamp":"2020-08-24T10:54:51.785Z"}
{"level":"info","message":"clientIdentity: 19, requestId: undefined","timestamp":"2020-08-24T10:55:01.799Z"}
{"level":"info","message":"clientIdentity: 19, requestId: undefined","timestamp":"2020-08-24T10:55:11.810Z"}
{"level":"info","message":"clientIdentity: 19, requestId: undefined","timestamp":"2020-08-24T10:55:21.823Z"}
{"level":"info","message":"clientIdentity: 19, requestId: undefined","timestamp":"2020-08-24T10:55:31.834Z"}
{"level":"info","message":"clientIdentity: 19, requestId: undefined","timestamp":"2020-08-24T10:55:41.847Z"}
{"level":"error","message":"PayloadTooLargeError request entity too large PayloadTooLargeError: request entity too large\n    at readStream (/usr/local/lib/node_modules/sync-server/node_modules/raw-body/index.js:155:17)\n    at getRawBody (/usr/local/lib/node_modules/sync-server/node_modules/raw-body/index.js:108:12)\n    at read (/usr/local/lib/node_modules/sync-server/node_modules/body-parser/lib/read.js:77:3)\n    at jsonParser (/usr/local/lib/node_modules/sync-server/node_modules/body-parser/lib/types/json.js:134:5)\n    at Layer.handle [as handle_request] (/usr/local/lib/node_modules/sync-server/node_modules/express/lib/router/layer.js:95:5)\n    at trim_prefix (/usr/local/lib/node_modules/sync-server/node_modules/express/lib/router/index.js:317:13)\n    at /usr/local/lib/node_modules/sync-server/node_modules/express/lib/router/index.js:284:7\n    at Function.process_params (/usr/local/lib/node_modules/sync-server/node_modules/express/lib/router/index.js:335:12)\n    at next (/usr/local/lib/node_modules/sync-server/node_modules/express/lib/router/index.js:275:10)\n    at cors (/usr/local/lib/node_modules/sync-server/node_modules/cors/lib/index.js:188:7)","timestamp":"2020-08-24T10:55:44.139Z"}
{"level":"info","message":"clientIdentity: 19, requestId: undefined","timestamp":"2020-08-24T10:55:51.864Z"}
{"level":"info","message":"clientIdentity: 19, requestId: undefined","timestamp":"2020-08-24T10:56:01.875Z"}
{"level":"error","message":"PayloadTooLargeError request entity too large PayloadTooLargeError: request entity too large\n    at readStream (/usr/local/lib/node_modules/sync-server/node_modules/raw-body/index.js:155:17)\n    at getRawBody (/usr/local/lib/node_modules/sync-server/node_modules/raw-body/index.js:108:12)\n    at read (/usr/local/lib/node_modules/sync-server/node_modules/body-parser/lib/read.js:77:3)\n    at jsonParser (/usr/local/lib/node_modules/sync-server/node_modules/body-parser/lib/types/json.js:134:5)\n    at Layer.handle [as handle_request] (/usr/local/lib/node_modules/sync-server/node_modules/express/lib/router/layer.js:95:5)\n    at trim_prefix (/usr/local/lib/node_modules/sync-server/node_modules/express/lib/router/index.js:317:13)\n    at /usr/local/lib/node_modules/sync-server/node_modules/express/lib/router/index.js:284:7\n    at Function.process_params (/usr/local/lib/node_modules/sync-server/node_modules/express/lib/router/index.js:335:12)\n    at next (/usr/local/lib/node_modules/sync-server/node_modules/express/lib/router/index.js:275:10)\n    at cors (/usr/local/lib/node_modules/sync-server/node_modules/cors/lib/index.js:188:7)","timestamp":"2020-08-24T10:56:09.206Z"}
{"level":"error","message":"PayloadTooLargeError request entity too large PayloadTooLargeError: request entity too large\n    at readStream (/usr/local/lib/node_modules/sync-server/node_modules/raw-body/index.js:155:17)\n    at getRawBody (/usr/local/lib/node_modules/sync-server/node_modules/raw-body/index.js:108:12)\n    at read (/usr/local/lib/node_modules/sync-server/node_modules/body-parser/lib/read.js:77:3)\n    at jsonParser (/usr/local/lib/node_modules/sync-server/node_modules/body-parser/lib/types/json.js:134:5)\n    at Layer.handle [as handle_request] (/usr/local/lib/node_modules/sync-server/node_modules/express/lib/router/layer.js:95:5)\n    at trim_prefix (/usr/local/lib/node_modules/sync-server/node_modules/express/lib/router/index.js:317:13)\n    at /usr/local/lib/node_modules/sync-server/node_modules/express/lib/router/index.js:284:7\n    at Function.process_params (/usr/local/lib/node_modules/sync-server/node_modules/express/lib/router/index.js:335:12)\n    at next (/usr/local/lib/node_modules/sync-server/node_modules/express/lib/router/index.js:275:10)\n    at cors (/usr/local/lib/node_modules/sync-server/node_modules/cors/lib/index.js:188:7)","timestamp":"2020-08-24T10:56:10.959Z"}
{"level":"info","message":"clientIdentity: 19, requestId: undefined","timestamp":"2020-08-24T10:56:11.891Z"}
{"level":"info","message":"clientIdentity: 19, requestId: undefined","timestamp":"2020-08-24T10:56:21.903Z"}
{"level":"info","message":"clientIdentity: 19, requestId: undefined","timestamp":"2020-08-24T10:56:31.915Z"}
{"level":"info","message":"clientIdentity: 20, requestId: undefined","timestamp":"2020-08-24T10:56:32.441Z"}
{"level":"info","message":"clientIdentity: 19, requestId: undefined","timestamp":"2020-08-24T10:56:41.927Z"}
{"level":"info","message":"clientIdentity: 20, requestId: undefined","timestamp":"2020-08-24T10:56:42.468Z"}
{"level":"info","message":"clientIdentity: 19, requestId: undefined","timestamp":"2020-08-24T10:56:51.940Z"}
{"level":"info","message":"clientIdentity: 20, requestId: undefined","timestamp":"2020-08-24T10:56:53.138Z"}
{"level":"info","message":"clientIdentity: 20, requestId: undefined","timestamp":"2020-08-24T10:56:57.250Z"}
{"level":"info","message":"clientIdentity: 19, requestId: undefined","timestamp":"2020-08-24T10:57:01.947Z"}
{"level":"info","message":"clientIdentity: 20, requestId: undefined","timestamp":"2020-08-24T10:57:07.513Z"}
{"level":"info","message":"clientIdentity: 19, requestId: undefined","timestamp":"2020-08-24T10:57:11.955Z"}
{"level":"error","message":"PayloadTooLargeError request entity too large PayloadTooLargeError: request entity too large\n    at readStream (/usr/local/lib/node_modules/sync-server/node_modules/raw-body/index.js:155:17)\n    at getRawBody (/usr/local/lib/node_modules/sync-server/node_modules/raw-body/index.js:108:12)\n    at read (/usr/local/lib/node_modules/sync-server/node_modules/body-parser/lib/read.js:77:3)\n    at jsonParser (/usr/local/lib/node_modules/sync-server/node_modules/body-parser/lib/types/json.js:134:5)\n    at Layer.handle [as handle_request] (/usr/local/lib/node_modules/sync-server/node_modules/express/lib/router/layer.js:95:5)\n    at trim_prefix (/usr/local/lib/node_modules/sync-server/node_modules/express/lib/router/index.js:317:13)\n    at /usr/local/lib/node_modules/sync-server/node_modules/express/lib/router/index.js:284:7\n    at Function.process_params (/usr/local/lib/node_modules/sync-server/node_modules/express/lib/router/index.js:335:12)\n    at next (/usr/local/lib/node_modules/sync-server/node_modules/express/lib/router/index.js:275:10)\n    at cors (/usr/local/lib/node_modules/sync-server/node_modules/cors/lib/index.js:188:7)","timestamp":"2020-08-24T10:57:18.939Z"}
{"level":"info","message":"clientIdentity: 19, requestId: undefined","timestamp":"2020-08-24T10:57:21.966Z"}
{"level":"error","message":"PayloadTooLargeError request entity too large PayloadTooLargeError: request entity too large\n    at readStream (/usr/local/lib/node_modules/sync-server/node_modules/raw-body/index.js:155:17)\n    at getRawBody (/usr/local/lib/node_modules/sync-server/node_modules/raw-body/index.js:108:12)\n    at read (/usr/local/lib/node_modules/sync-server/node_modules/body-parser/lib/read.js:77:3)\n    at jsonParser (/usr/local/lib/node_modules/sync-server/node_modules/body-parser/lib/types/json.js:134:5)\n    at Layer.handle [as handle_request] (/usr/local/lib/node_modules/sync-server/node_modules/express/lib/router/layer.js:95:5)\n    at trim_prefix (/usr/local/lib/node_modules/sync-server/node_modules/express/lib/router/index.js:317:13)\n    at /usr/local/lib/node_modules/sync-server/node_modules/express/lib/router/index.js:284:7\n    at Function.process_params (/usr/local/lib/node_modules/sync-server/node_modules/express/lib/router/index.js:335:12)\n    at next (/usr/local/lib/node_modules/sync-server/node_modules/express/lib/router/index.js:275:10)\n    at cors (/usr/local/lib/node_modules/sync-server/node_modules/cors/lib/index.js:188:7)","timestamp":"2020-08-24T10:57:28.188Z"}
{"level":"info","message":"clientIdentity: 19, requestId: undefined","timestamp":"2020-08-24T10:57:31.983Z"}
{"level":"info","message":"clientIdentity: 19, requestId: undefined","timestamp":"2020-08-24T10:57:41.992Z"}
{"level":"info","message":"clientIdentity: 19, requestId: undefined","timestamp":"2020-08-24T10:57:52.006Z"}
{"level":"info","message":"clientIdentity: 19, requestId: undefined","timestamp":"2020-08-24T10:58:02.018Z"}
{"level":"info","message":"clientIdentity: 19, requestId: undefined","timestamp":"2020-08-24T10:58:12.033Z"}
{"level":"info","message":"clientIdentity: 19, requestId: undefined","timestamp":"2020-08-24T10:58:22.044Z"}
{"level":"info","message":"clientIdentity: 19, requestId: undefined","timestamp":"2020-08-24T10:58:32.057Z"}
{"level":"info","message":"clientIdentity: 19, requestId: undefined","timestamp":"2020-08-24T10:58:42.067Z"}
{"level":"info","message":"clientIdentity: 19, requestId: undefined","timestamp":"2020-08-24T10:58:52.077Z"}
{"level":"info","message":"clientIdentity: 19, requestId: undefined","timestamp":"2020-08-24T10:59:02.090Z"}
{"level":"info","message":"clientIdentity: 19, requestId: undefined","timestamp":"2020-08-24T10:59:12.100Z"}
{"level":"info","message":"clientIdentity: 19, requestId: undefined","timestamp":"2020-08-24T10:59:22.108Z"}
{"level":"info","message":"clientIdentity: 19, requestId: undefined","timestamp":"2020-08-24T10:59:32.122Z"}
{"level":"info","message":"clientIdentity: 19, requestId: undefined","timestamp":"2020-08-24T10:59:42.130Z"}
{"level":"info","message":"clientIdentity: 19, requestId: undefined","timestamp":"2020-08-24T10:59:52.144Z"}
{"level":"info","message":"clientIdentity: 19, requestId: undefined","timestamp":"2020-08-24T11:00:02.154Z"}
{"level":"info","message":"clientIdentity: 19, requestId: undefined","timestamp":"2020-08-24T11:00:12.167Z"}
{"level":"info","message":"clientIdentity: 19, requestId: undefined","timestamp":"2020-08-24T11:00:22.176Z"}
{"level":"info","message":"clientIdentity: 19, requestId: undefined","timestamp":"2020-08-24T11:00:32.186Z"}
{"level":"info","message":"clientIdentity: 19, requestId: undefined","timestamp":"2020-08-24T11:00:42.198Z"}
{"level":"info","message":"clientIdentity: 19, requestId: undefined","timestamp":"2020-08-24T11:00:52.209Z"}
{"level":"info","message":"clientIdentity: 19, requestId: undefined","timestamp":"2020-08-24T11:01:02.224Z"}
{"level":"info","message":"clientIdentity: 19, requestId: undefined","timestamp":"2020-08-24T11:01:12.234Z"}
{"level":"info","message":"clientIdentity: 19, requestId: undefined","timestamp":"2020-08-24T11:01:22.246Z"}
{"level":"info","message":"clientIdentity: 19, requestId: undefined","timestamp":"2020-08-24T11:01:32.258Z"}
{"level":"info","message":"clientIdentity: 20, requestId: undefined","timestamp":"2020-08-24T11:01:32.785Z"}
{"level":"error","message":"clientIdentity: 20. requestId: undefined. Error: Error Can't insert key 97, it violates the unique constraint Error: Can't insert key 97, it violates the unique constraint\n    at _AVLTree.insert (/usr/local/lib/node_modules/sync-server/node_modules/binary-search-tree/lib/avltree.js:273:19)\n    at AVLTree.insert (/usr/local/lib/node_modules/sync-server/node_modules/binary-search-tree/lib/avltree.js:307:27)\n    at Index.insert (/usr/local/lib/node_modules/sync-server/node_modules/nedb/lib/indexes.js:77:15)\n    at Datastore.addToIndexes (/usr/local/lib/node_modules/sync-server/node_modules/nedb/lib/datastore.js:180:29)\n    at Datastore._insertInCache (/usr/local/lib/node_modules/sync-server/node_modules/nedb/lib/datastore.js:402:10)\n    at Datastore._insert (/usr/local/lib/node_modules/sync-server/node_modules/nedb/lib/datastore.js:348:10)\n    at /usr/local/lib/node_modules/sync-server/node_modules/nedb/lib/executor.js:40:13\n    at Immediate.process (/usr/local/lib/node_modules/sync-server/node_modules/async/lib/async.js:731:21)\n    at processImmediate (internal/timers.js:456:21)","timestamp":"2020-08-24T11:01:32.798Z"}
{"level":"info","message":"clientIdentity: 19, requestId: undefined","timestamp":"2020-08-24T11:01:42.274Z"}
{"level":"info","message":"clientIdentity: 19, requestId: undefined","timestamp":"2020-08-24T11:01:52.285Z"}
{"level":"info","message":"clientIdentity: 19, requestId: undefined","timestamp":"2020-08-24T11:02:02.297Z"}
{"level":"info","message":"clientIdentity: 19, requestId: undefined","timestamp":"2020-08-24T11:02:12.308Z"}
{"level":"info","message":"clientIdentity: 20, requestId: undefined","timestamp":"2020-08-24T11:05:15.040Z"}
{"level":"error","message":"clientIdentity: 20. requestId: undefined. Error: Error Can't insert key 97, it violates the unique constraint Error: Can't insert key 97, it violates the unique constraint\n    at _AVLTree.insert (/usr/local/lib/node_modules/sync-server/node_modules/binary-search-tree/lib/avltree.js:273:19)\n    at AVLTree.insert (/usr/local/lib/node_modules/sync-server/node_modules/binary-search-tree/lib/avltree.js:307:27)\n    at Index.insert (/usr/local/lib/node_modules/sync-server/node_modules/nedb/lib/indexes.js:77:15)\n    at Datastore.addToIndexes (/usr/local/lib/node_modules/sync-server/node_modules/nedb/lib/datastore.js:180:29)\n    at Datastore._insertInCache (/usr/local/lib/node_modules/sync-server/node_modules/nedb/lib/datastore.js:402:10)\n    at Datastore._insert (/usr/local/lib/node_modules/sync-server/node_modules/nedb/lib/datastore.js:348:10)\n    at /usr/local/lib/node_modules/sync-server/node_modules/nedb/lib/executor.js:40:13\n    at Immediate.process (/usr/local/lib/node_modules/sync-server/node_modules/async/lib/async.js:731:21)\n    at processImmediate (internal/timers.js:456:21)","timestamp":"2020-08-24T11:05:15.047Z"}
{"level":"info","message":"clientIdentity: 20, requestId: undefined","timestamp":"2020-08-24T12:23:47.844Z"}
{"level":"error","message":"clientIdentity: 20. requestId: undefined. Error: Error Can't insert key 1970, it violates the unique constraint Error: Can't insert key 1970, it violates the unique constraint\n    at _AVLTree.insert (/usr/local/lib/node_modules/sync-server/node_modules/binary-search-tree/lib/avltree.js:273:19)\n    at AVLTree.insert (/usr/local/lib/node_modules/sync-server/node_modules/binary-search-tree/lib/avltree.js:307:27)\n    at Index.insert (/usr/local/lib/node_modules/sync-server/node_modules/nedb/lib/indexes.js:77:15)\n    at Datastore.addToIndexes (/usr/local/lib/node_modules/sync-server/node_modules/nedb/lib/datastore.js:180:29)\n    at Datastore._insertInCache (/usr/local/lib/node_modules/sync-server/node_modules/nedb/lib/datastore.js:402:10)\n    at Datastore._insert (/usr/local/lib/node_modules/sync-server/node_modules/nedb/lib/datastore.js:348:10)\n    at /usr/local/lib/node_modules/sync-server/node_modules/nedb/lib/executor.js:40:13\n    at Object.process (/usr/local/lib/node_modules/sync-server/node_modules/async/lib/async.js:731:21)\n    at next (/usr/local/lib/node_modules/sync-server/node_modules/async/lib/async.js:728:27)\n    at Immediate.<anonymous> (/usr/local/lib/node_modules/sync-server/node_modules/async/lib/async.js:24:16)","timestamp":"2020-08-24T12:23:47.853Z"}
{"level":"info","message":"clientIdentity: 20, requestId: undefined","timestamp":"2020-08-24T12:25:32.965Z"}
{"level":"error","message":"clientIdentity: 20. requestId: undefined. Error: Error Can't insert key 1970, it violates the unique constraint Error: Can't insert key 1970, it violates the unique constraint\n    at _AVLTree.insert (/usr/local/lib/node_modules/sync-server/node_modules/binary-search-tree/lib/avltree.js:273:19)\n    at AVLTree.insert (/usr/local/lib/node_modules/sync-server/node_modules/binary-search-tree/lib/avltree.js:307:27)\n    at Index.insert (/usr/local/lib/node_modules/sync-server/node_modules/nedb/lib/indexes.js:77:15)\n    at Datastore.addToIndexes (/usr/local/lib/node_modules/sync-server/node_modules/nedb/lib/datastore.js:180:29)\n    at Datastore._insertInCache (/usr/local/lib/node_modules/sync-server/node_modules/nedb/lib/datastore.js:402:10)\n    at Datastore._insert (/usr/local/lib/node_modules/sync-server/node_modules/nedb/lib/datastore.js:348:10)\n    at /usr/local/lib/node_modules/sync-server/node_modules/nedb/lib/executor.js:40:13\n    at Immediate.process (/usr/local/lib/node_modules/sync-server/node_modules/async/lib/async.js:731:21)\n    at processImmediate (internal/timers.js:456:21)","timestamp":"2020-08-24T12:25:32.972Z"}
{"level":"info","message":"clientIdentity: 20, requestId: undefined","timestamp":"2020-08-24T12:26:52.803Z"}
{"level":"error","message":"clientIdentity: 20. requestId: undefined. Error: Error Can't insert key 1970, it violates the unique constraint Error: Can't insert key 1970, it violates the unique constraint\n    at _AVLTree.insert (/usr/local/lib/node_modules/sync-server/node_modules/binary-search-tree/lib/avltree.js:273:19)\n    at AVLTree.insert (/usr/local/lib/node_modules/sync-server/node_modules/binary-search-tree/lib/avltree.js:307:27)\n    at Index.insert (/usr/local/lib/node_modules/sync-server/node_modules/nedb/lib/indexes.js:77:15)\n    at Datastore.addToIndexes (/usr/local/lib/node_modules/sync-server/node_modules/nedb/lib/datastore.js:180:29)\n    at Datastore._insertInCache (/usr/local/lib/node_modules/sync-server/node_modules/nedb/lib/datastore.js:402:10)\n    at Datastore._insert (/usr/local/lib/node_modules/sync-server/node_modules/nedb/lib/datastore.js:348:10)\n    at /usr/local/lib/node_modules/sync-server/node_modules/nedb/lib/executor.js:40:13\n    at Immediate.process (/usr/local/lib/node_modules/sync-server/node_modules/async/lib/async.js:731:21)\n    at processImmediate (internal/timers.js:456:21)","timestamp":"2020-08-24T12:26:52.812Z"}
{"level":"info","message":"clientIdentity: 20, requestId: undefined","timestamp":"2020-08-24T12:28:32.873Z"}
{"level":"error","message":"clientIdentity: 20. requestId: undefined. Error: Error Can't insert key 1970, it violates the unique constraint Error: Can't insert key 1970, it violates the unique constraint\n    at _AVLTree.insert (/usr/local/lib/node_modules/sync-server/node_modules/binary-search-tree/lib/avltree.js:273:19)\n    at AVLTree.insert (/usr/local/lib/node_modules/sync-server/node_modules/binary-search-tree/lib/avltree.js:307:27)\n    at Index.insert (/usr/local/lib/node_modules/sync-server/node_modules/nedb/lib/indexes.js:77:15)\n    at Datastore.addToIndexes (/usr/local/lib/node_modules/sync-server/node_modules/nedb/lib/datastore.js:180:29)\n    at Datastore._insertInCache (/usr/local/lib/node_modules/sync-server/node_modules/nedb/lib/datastore.js:402:10)\n    at Datastore._insert (/usr/local/lib/node_modules/sync-server/node_modules/nedb/lib/datastore.js:348:10)\n    at /usr/local/lib/node_modules/sync-server/node_modules/nedb/lib/executor.js:40:13\n    at Immediate.process (/usr/local/lib/node_modules/sync-server/node_modules/async/lib/async.js:731:21)\n    at processImmediate (internal/timers.js:456:21)","timestamp":"2020-08-24T12:28:32.880Z"}
{"level":"info","message":"clientIdentity: 20, requestId: undefined","timestamp":"2020-08-24T12:28:48.804Z"}
{"level":"error","message":"clientIdentity: 20. requestId: undefined. Error: Error Can't insert key 1970, it violates the unique constraint Error: Can't insert key 1970, it violates the unique constraint\n    at _AVLTree.insert (/usr/local/lib/node_modules/sync-server/node_modules/binary-search-tree/lib/avltree.js:273:19)\n    at AVLTree.insert (/usr/local/lib/node_modules/sync-server/node_modules/binary-search-tree/lib/avltree.js:307:27)\n    at Index.insert (/usr/local/lib/node_modules/sync-server/node_modules/nedb/lib/indexes.js:77:15)\n    at Datastore.addToIndexes (/usr/local/lib/node_modules/sync-server/node_modules/nedb/lib/datastore.js:180:29)\n    at Datastore._insertInCache (/usr/local/lib/node_modules/sync-server/node_modules/nedb/lib/datastore.js:402:10)\n    at Datastore._insert (/usr/local/lib/node_modules/sync-server/node_modules/nedb/lib/datastore.js:348:10)\n    at /usr/local/lib/node_modules/sync-server/node_modules/nedb/lib/executor.js:40:13\n    at Immediate.process (/usr/local/lib/node_modules/sync-server/node_modules/async/lib/async.js:731:21)\n    at processImmediate (internal/timers.js:456:21)","timestamp":"2020-08-24T12:28:48.814Z"}
{"level":"info","message":"clientIdentity: 20, requestId: undefined","timestamp":"2020-08-24T12:29:42.039Z"}
{"level":"error","message":"clientIdentity: 20. requestId: undefined. Error: Error Can't insert key 1970, it violates the unique constraint Error: Can't insert key 1970, it violates the unique constraint\n    at _AVLTree.insert (/usr/local/lib/node_modules/sync-server/node_modules/binary-search-tree/lib/avltree.js:273:19)\n    at AVLTree.insert (/usr/local/lib/node_modules/sync-server/node_modules/binary-search-tree/lib/avltree.js:307:27)\n    at Index.insert (/usr/local/lib/node_modules/sync-server/node_modules/nedb/lib/indexes.js:77:15)\n    at Datastore.addToIndexes (/usr/local/lib/node_modules/sync-server/node_modules/nedb/lib/datastore.js:180:29)\n    at Datastore._insertInCache (/usr/local/lib/node_modules/sync-server/node_modules/nedb/lib/datastore.js:402:10)\n    at Datastore._insert (/usr/local/lib/node_modules/sync-server/node_modules/nedb/lib/datastore.js:348:10)\n    at /usr/local/lib/node_modules/sync-server/node_modules/nedb/lib/executor.js:40:13\n    at Immediate.process (/usr/local/lib/node_modules/sync-server/node_modules/async/lib/async.js:731:21)\n    at processImmediate (internal/timers.js:456:21)","timestamp":"2020-08-24T12:29:42.045Z"}
{"level":"info","message":"clientIdentity: 20, requestId: undefined","timestamp":"2020-08-24T12:30:10.861Z"}
{"level":"error","message":"clientIdentity: 20. requestId: undefined. Error: Error Can't insert key 1970, it violates the unique constraint Error: Can't insert key 1970, it violates the unique constraint\n    at _AVLTree.insert (/usr/local/lib/node_modules/sync-server/node_modules/binary-search-tree/lib/avltree.js:273:19)\n    at AVLTree.insert (/usr/local/lib/node_modules/sync-server/node_modules/binary-search-tree/lib/avltree.js:307:27)\n    at Index.insert (/usr/local/lib/node_modules/sync-server/node_modules/nedb/lib/indexes.js:77:15)\n    at Datastore.addToIndexes (/usr/local/lib/node_modules/sync-server/node_modules/nedb/lib/datastore.js:180:29)\n    at Datastore._insertInCache (/usr/local/lib/node_modules/sync-server/node_modules/nedb/lib/datastore.js:402:10)\n    at Datastore._insert (/usr/local/lib/node_modules/sync-server/node_modules/nedb/lib/datastore.js:348:10)\n    at /usr/local/lib/node_modules/sync-server/node_modules/nedb/lib/executor.js:40:13\n    at Immediate.process (/usr/local/lib/node_modules/sync-server/node_modules/async/lib/async.js:731:21)\n    at processImmediate (internal/timers.js:456:21)","timestamp":"2020-08-24T12:30:10.870Z"}
{"level":"info","message":"clientIdentity: 20, requestId: undefined","timestamp":"2020-08-24T12:30:16.106Z"}
{"level":"error","message":"clientIdentity: 20. requestId: undefined. Error: Error Can't insert key 1970, it violates the unique constraint Error: Can't insert key 1970, it violates the unique constraint\n    at _AVLTree.insert (/usr/local/lib/node_modules/sync-server/node_modules/binary-search-tree/lib/avltree.js:273:19)\n    at AVLTree.insert (/usr/local/lib/node_modules/sync-server/node_modules/binary-search-tree/lib/avltree.js:307:27)\n    at Index.insert (/usr/local/lib/node_modules/sync-server/node_modules/nedb/lib/indexes.js:77:15)\n    at Datastore.addToIndexes (/usr/local/lib/node_modules/sync-server/node_modules/nedb/lib/datastore.js:180:29)\n    at Datastore._insertInCache (/usr/local/lib/node_modules/sync-server/node_modules/nedb/lib/datastore.js:402:10)\n    at Datastore._insert (/usr/local/lib/node_modules/sync-server/node_modules/nedb/lib/datastore.js:348:10)\n    at /usr/local/lib/node_modules/sync-server/node_modules/nedb/lib/executor.js:40:13\n    at Immediate.process (/usr/local/lib/node_modules/sync-server/node_modules/async/lib/async.js:731:21)\n    at processImmediate (internal/timers.js:456:21)","timestamp":"2020-08-24T12:30:16.113Z"}
{"level":"info","message":"clientIdentity: 20, requestId: undefined","timestamp":"2020-08-24T12:32:21.809Z"}
{"level":"error","message":"clientIdentity: 20. requestId: undefined. Error: Error Can't insert key 1970, it violates the unique constraint Error: Can't insert key 1970, it violates the unique constraint\n    at _AVLTree.insert (/usr/local/lib/node_modules/sync-server/node_modules/binary-search-tree/lib/avltree.js:273:19)\n    at AVLTree.insert (/usr/local/lib/node_modules/sync-server/node_modules/binary-search-tree/lib/avltree.js:307:27)\n    at Index.insert (/usr/local/lib/node_modules/sync-server/node_modules/nedb/lib/indexes.js:77:15)\n    at Datastore.addToIndexes (/usr/local/lib/node_modules/sync-server/node_modules/nedb/lib/datastore.js:180:29)\n    at Datastore._insertInCache (/usr/local/lib/node_modules/sync-server/node_modules/nedb/lib/datastore.js:402:10)\n    at Datastore._insert (/usr/local/lib/node_modules/sync-server/node_modules/nedb/lib/datastore.js:348:10)\n    at /usr/local/lib/node_modules/sync-server/node_modules/nedb/lib/executor.js:40:13\n    at Immediate.process (/usr/local/lib/node_modules/sync-server/node_modules/async/lib/async.js:731:21)\n    at processImmediate (internal/timers.js:456:21)","timestamp":"2020-08-24T12:32:21.815Z"}
{"level":"info","message":"clientIdentity: 20, requestId: undefined","timestamp":"2020-08-24T12:32:31.530Z"}
{"level":"error","message":"clientIdentity: 20. requestId: undefined. Error: Error Can't insert key 1970, it violates the unique constraint Error: Can't insert key 1970, it violates the unique constraint\n    at _AVLTree.insert (/usr/local/lib/node_modules/sync-server/node_modules/binary-search-tree/lib/avltree.js:273:19)\n    at AVLTree.insert (/usr/local/lib/node_modules/sync-server/node_modules/binary-search-tree/lib/avltree.js:307:27)\n    at Index.insert (/usr/local/lib/node_modules/sync-server/node_modules/nedb/lib/indexes.js:77:15)\n    at Datastore.addToIndexes (/usr/local/lib/node_modules/sync-server/node_modules/nedb/lib/datastore.js:180:29)\n    at Datastore._insertInCache (/usr/local/lib/node_modules/sync-server/node_modules/nedb/lib/datastore.js:402:10)\n    at Datastore._insert (/usr/local/lib/node_modules/sync-server/node_modules/nedb/lib/datastore.js:348:10)\n    at /usr/local/lib/node_modules/sync-server/node_modules/nedb/lib/executor.js:40:13\n    at Immediate.process (/usr/local/lib/node_modules/sync-server/node_modules/async/lib/async.js:731:21)\n    at processImmediate (internal/timers.js:456:21)","timestamp":"2020-08-24T12:32:31.536Z"}
{"level":"info","message":"Server start","timestamp":"2020-08-24T12:32:58.084Z"}
{"level":"info","message":"clientIdentity: 20, requestId: undefined","timestamp":"2020-08-24T12:33:53.504Z"}
{"level":"error","message":"clientIdentity: 20. requestId: undefined. Error: Error Can't insert key 1970, it violates the unique constraint Error: Can't insert key 1970, it violates the unique constraint\n    at _AVLTree.insert (/usr/local/lib/node_modules/sync-server/node_modules/binary-search-tree/lib/avltree.js:273:19)\n    at AVLTree.insert (/usr/local/lib/node_modules/sync-server/node_modules/binary-search-tree/lib/avltree.js:307:27)\n    at Index.insert (/usr/local/lib/node_modules/sync-server/node_modules/nedb/lib/indexes.js:77:15)\n    at Datastore.addToIndexes (/usr/local/lib/node_modules/sync-server/node_modules/nedb/lib/datastore.js:180:29)\n    at Datastore._insertInCache (/usr/local/lib/node_modules/sync-server/node_modules/nedb/lib/datastore.js:402:10)\n    at Datastore._insert (/usr/local/lib/node_modules/sync-server/node_modules/nedb/lib/datastore.js:348:10)\n    at /usr/local/lib/node_modules/sync-server/node_modules/nedb/lib/executor.js:40:13\n    at Immediate.process (/usr/local/lib/node_modules/sync-server/node_modules/async/lib/async.js:731:21)\n    at processImmediate (internal/timers.js:456:21)","timestamp":"2020-08-24T12:33:53.521Z"}
{"level":"info","message":"clientIdentity: 20, requestId: undefined","timestamp":"2020-08-24T12:34:59.061Z"}
{"level":"error","message":"clientIdentity: 20. requestId: undefined. Error: Error Can't insert key 3032, it violates the unique constraint Error: Can't insert key 3032, it violates the unique constraint\n    at _AVLTree.insert (/usr/local/lib/node_modules/sync-server/node_modules/binary-search-tree/lib/avltree.js:273:19)\n    at AVLTree.insert (/usr/local/lib/node_modules/sync-server/node_modules/binary-search-tree/lib/avltree.js:307:27)\n    at Index.insert (/usr/local/lib/node_modules/sync-server/node_modules/nedb/lib/indexes.js:77:15)\n    at Datastore.addToIndexes (/usr/local/lib/node_modules/sync-server/node_modules/nedb/lib/datastore.js:180:29)\n    at Datastore._insertInCache (/usr/local/lib/node_modules/sync-server/node_modules/nedb/lib/datastore.js:402:10)\n    at Datastore._insert (/usr/local/lib/node_modules/sync-server/node_modules/nedb/lib/datastore.js:348:10)\n    at /usr/local/lib/node_modules/sync-server/node_modules/nedb/lib/executor.js:40:13\n    at Object.process (/usr/local/lib/node_modules/sync-server/node_modules/async/lib/async.js:731:21)\n    at next (/usr/local/lib/node_modules/sync-server/node_modules/async/lib/async.js:728:27)\n    at Immediate.<anonymous> (/usr/local/lib/node_modules/sync-server/node_modules/async/lib/async.js:24:16)","timestamp":"2020-08-24T12:34:59.076Z"}
{"level":"info","message":"clientIdentity: 21, requestId: undefined","timestamp":"2020-08-24T15:44:22.826Z"}
{"level":"info","message":"clientIdentity: 21, requestId: undefined","timestamp":"2020-08-24T15:44:28.865Z"}
{"level":"info","message":"clientIdentity: 21, requestId: undefined","timestamp":"2020-08-24T15:44:34.653Z"}
{"level":"info","message":"clientIdentity: 21, requestId: undefined","timestamp":"2020-08-24T15:44:37.388Z"}
{"level":"info","message":"clientIdentity: 21, requestId: undefined","timestamp":"2020-08-24T15:44:47.411Z"}
{"level":"info","message":"clientIdentity: 21, requestId: undefined","timestamp":"2020-08-24T15:44:57.432Z"}
{"level":"info","message":"clientIdentity: 21, requestId: undefined","timestamp":"2020-08-24T15:45:07.454Z"}
{"level":"error","message":"clientIdentity: 21. requestId: undefined. Error: Error Can't insert key 3032, it violates the unique constraint Error: Can't insert key 3032, it violates the unique constraint\n    at _AVLTree.insert (/usr/local/lib/node_modules/sync-server/node_modules/binary-search-tree/lib/avltree.js:273:19)\n    at AVLTree.insert (/usr/local/lib/node_modules/sync-server/node_modules/binary-search-tree/lib/avltree.js:307:27)\n    at Index.insert (/usr/local/lib/node_modules/sync-server/node_modules/nedb/lib/indexes.js:77:15)\n    at Datastore.addToIndexes (/usr/local/lib/node_modules/sync-server/node_modules/nedb/lib/datastore.js:180:29)\n    at Datastore._insertInCache (/usr/local/lib/node_modules/sync-server/node_modules/nedb/lib/datastore.js:402:10)\n    at Datastore._insert (/usr/local/lib/node_modules/sync-server/node_modules/nedb/lib/datastore.js:348:10)\n    at /usr/local/lib/node_modules/sync-server/node_modules/nedb/lib/executor.js:40:13\n    at Immediate.process (/usr/local/lib/node_modules/sync-server/node_modules/async/lib/async.js:731:21)\n    at processImmediate (internal/timers.js:456:21)","timestamp":"2020-08-24T15:45:07.455Z"}
{"level":"info","message":"Server start","timestamp":"2020-08-25T07:02:39.338Z"}
{"level":"info","message":"clientIdentity: 21, requestId: undefined","timestamp":"2020-08-25T07:02:50.630Z"}
{"level":"error","message":"clientIdentity: 21. requestId: undefined. Error: Error Can't insert key 3032, it violates the unique constraint Error: Can't insert key 3032, it violates the unique constraint\n    at _AVLTree.insert (/usr/local/lib/node_modules/sync-server/node_modules/binary-search-tree/lib/avltree.js:273:19)\n    at AVLTree.insert (/usr/local/lib/node_modules/sync-server/node_modules/binary-search-tree/lib/avltree.js:307:27)\n    at Index.insert (/usr/local/lib/node_modules/sync-server/node_modules/nedb/lib/indexes.js:77:15)\n    at Datastore.addToIndexes (/usr/local/lib/node_modules/sync-server/node_modules/nedb/lib/datastore.js:180:29)\n    at Datastore._insertInCache (/usr/local/lib/node_modules/sync-server/node_modules/nedb/lib/datastore.js:402:10)\n    at Datastore._insert (/usr/local/lib/node_modules/sync-server/node_modules/nedb/lib/datastore.js:348:10)\n    at /usr/local/lib/node_modules/sync-server/node_modules/nedb/lib/executor.js:40:13\n    at Immediate.process (/usr/local/lib/node_modules/sync-server/node_modules/async/lib/async.js:731:21)\n    at processImmediate (internal/timers.js:456:21)","timestamp":"2020-08-25T07:02:50.635Z"}
{"level":"info","message":"clientIdentity: 20, requestId: undefined","timestamp":"2020-08-25T07:02:59.489Z"}
{"level":"error","message":"clientIdentity: 20. requestId: undefined. Error: Error Can't insert key 3032, it violates the unique constraint Error: Can't insert key 3032, it violates the unique constraint\n    at _AVLTree.insert (/usr/local/lib/node_modules/sync-server/node_modules/binary-search-tree/lib/avltree.js:273:19)\n    at AVLTree.insert (/usr/local/lib/node_modules/sync-server/node_modules/binary-search-tree/lib/avltree.js:307:27)\n    at Index.insert (/usr/local/lib/node_modules/sync-server/node_modules/nedb/lib/indexes.js:77:15)\n    at Datastore.addToIndexes (/usr/local/lib/node_modules/sync-server/node_modules/nedb/lib/datastore.js:180:29)\n    at Datastore._insertInCache (/usr/local/lib/node_modules/sync-server/node_modules/nedb/lib/datastore.js:402:10)\n    at Datastore._insert (/usr/local/lib/node_modules/sync-server/node_modules/nedb/lib/datastore.js:348:10)\n    at /usr/local/lib/node_modules/sync-server/node_modules/nedb/lib/executor.js:40:13\n    at Immediate.process (/usr/local/lib/node_modules/sync-server/node_modules/async/lib/async.js:731:21)\n    at processImmediate (internal/timers.js:456:21)","timestamp":"2020-08-25T07:02:59.505Z"}
{"level":"info","message":"clientIdentity: 20, requestId: undefined","timestamp":"2020-08-25T07:03:26.255Z"}
{"level":"error","message":"clientIdentity: 20. requestId: undefined. Error: Error Can't insert key 3032, it violates the unique constraint Error: Can't insert key 3032, it violates the unique constraint\n    at _AVLTree.insert (/usr/local/lib/node_modules/sync-server/node_modules/binary-search-tree/lib/avltree.js:273:19)\n    at AVLTree.insert (/usr/local/lib/node_modules/sync-server/node_modules/binary-search-tree/lib/avltree.js:307:27)\n    at Index.insert (/usr/local/lib/node_modules/sync-server/node_modules/nedb/lib/indexes.js:77:15)\n    at Datastore.addToIndexes (/usr/local/lib/node_modules/sync-server/node_modules/nedb/lib/datastore.js:180:29)\n    at Datastore._insertInCache (/usr/local/lib/node_modules/sync-server/node_modules/nedb/lib/datastore.js:402:10)\n    at Datastore._insert (/usr/local/lib/node_modules/sync-server/node_modules/nedb/lib/datastore.js:348:10)\n    at /usr/local/lib/node_modules/sync-server/node_modules/nedb/lib/executor.js:40:13\n    at Immediate.process (/usr/local/lib/node_modules/sync-server/node_modules/async/lib/async.js:731:21)\n    at processImmediate (internal/timers.js:456:21)","timestamp":"2020-08-25T07:03:26.270Z"}
{"level":"info","message":"clientIdentity: 20, requestId: undefined","timestamp":"2020-08-25T07:03:27.630Z"}
{"level":"error","message":"clientIdentity: 20. requestId: undefined. Error: Error Can't insert key 3032, it violates the unique constraint Error: Can't insert key 3032, it violates the unique constraint\n    at _AVLTree.insert (/usr/local/lib/node_modules/sync-server/node_modules/binary-search-tree/lib/avltree.js:273:19)\n    at AVLTree.insert (/usr/local/lib/node_modules/sync-server/node_modules/binary-search-tree/lib/avltree.js:307:27)\n    at Index.insert (/usr/local/lib/node_modules/sync-server/node_modules/nedb/lib/indexes.js:77:15)\n    at Datastore.addToIndexes (/usr/local/lib/node_modules/sync-server/node_modules/nedb/lib/datastore.js:180:29)\n    at Datastore._insertInCache (/usr/local/lib/node_modules/sync-server/node_modules/nedb/lib/datastore.js:402:10)\n    at Datastore._insert (/usr/local/lib/node_modules/sync-server/node_modules/nedb/lib/datastore.js:348:10)\n    at /usr/local/lib/node_modules/sync-server/node_modules/nedb/lib/executor.js:40:13\n    at Immediate.process (/usr/local/lib/node_modules/sync-server/node_modules/async/lib/async.js:731:21)\n    at processImmediate (internal/timers.js:456:21)","timestamp":"2020-08-25T07:03:27.641Z"}
{"level":"info","message":"clientIdentity: 21, requestId: undefined","timestamp":"2020-08-25T07:03:33.609Z"}
{"level":"error","message":"clientIdentity: 21. requestId: undefined. Error: Error Can't insert key 3032, it violates the unique constraint Error: Can't insert key 3032, it violates the unique constraint\n    at _AVLTree.insert (/usr/local/lib/node_modules/sync-server/node_modules/binary-search-tree/lib/avltree.js:273:19)\n    at AVLTree.insert (/usr/local/lib/node_modules/sync-server/node_modules/binary-search-tree/lib/avltree.js:307:27)\n    at Index.insert (/usr/local/lib/node_modules/sync-server/node_modules/nedb/lib/indexes.js:77:15)\n    at Datastore.addToIndexes (/usr/local/lib/node_modules/sync-server/node_modules/nedb/lib/datastore.js:180:29)\n    at Datastore._insertInCache (/usr/local/lib/node_modules/sync-server/node_modules/nedb/lib/datastore.js:402:10)\n    at Datastore._insert (/usr/local/lib/node_modules/sync-server/node_modules/nedb/lib/datastore.js:348:10)\n    at /usr/local/lib/node_modules/sync-server/node_modules/nedb/lib/executor.js:40:13\n    at Immediate.process (/usr/local/lib/node_modules/sync-server/node_modules/async/lib/async.js:731:21)\n    at processImmediate (internal/timers.js:456:21)","timestamp":"2020-08-25T07:03:33.610Z"}
{"level":"info","message":"clientIdentity: 22, requestId: undefined","timestamp":"2020-08-25T07:03:43.191Z"}
{"level":"info","message":"clientIdentity: 22, requestId: undefined","timestamp":"2020-08-25T07:03:53.226Z"}
{"level":"info","message":"clientIdentity: 22, requestId: undefined","timestamp":"2020-08-25T07:04:03.252Z"}
{"level":"info","message":"clientIdentity: 22, requestId: undefined","timestamp":"2020-08-25T07:04:13.265Z"}
{"level":"info","message":"clientIdentity: 22, requestId: undefined","timestamp":"2020-08-25T07:04:23.296Z"}
{"level":"info","message":"clientIdentity: 22, requestId: undefined","timestamp":"2020-08-25T07:04:27.891Z"}
{"level":"info","message":"clientIdentity: 20, requestId: undefined","timestamp":"2020-08-25T07:04:32.324Z"}
{"level":"error","message":"clientIdentity: 20. requestId: undefined. Error: Error Can't insert key 3032, it violates the unique constraint Error: Can't insert key 3032, it violates the unique constraint\n    at _AVLTree.insert (/usr/local/lib/node_modules/sync-server/node_modules/binary-search-tree/lib/avltree.js:273:19)\n    at AVLTree.insert (/usr/local/lib/node_modules/sync-server/node_modules/binary-search-tree/lib/avltree.js:307:27)\n    at Index.insert (/usr/local/lib/node_modules/sync-server/node_modules/nedb/lib/indexes.js:77:15)\n    at Datastore.addToIndexes (/usr/local/lib/node_modules/sync-server/node_modules/nedb/lib/datastore.js:180:29)\n    at Datastore._insertInCache (/usr/local/lib/node_modules/sync-server/node_modules/nedb/lib/datastore.js:402:10)\n    at Datastore._insert (/usr/local/lib/node_modules/sync-server/node_modules/nedb/lib/datastore.js:348:10)\n    at /usr/local/lib/node_modules/sync-server/node_modules/nedb/lib/executor.js:40:13\n    at Immediate.process (/usr/local/lib/node_modules/sync-server/node_modules/async/lib/async.js:731:21)\n    at processImmediate (internal/timers.js:456:21)","timestamp":"2020-08-25T07:04:32.334Z"}
{"level":"info","message":"clientIdentity: 22, requestId: undefined","timestamp":"2020-08-25T07:04:37.919Z"}
{"level":"info","message":"clientIdentity: 22, requestId: undefined","timestamp":"2020-08-25T07:04:47.942Z"}
{"level":"info","message":"clientIdentity: 22, requestId: undefined","timestamp":"2020-08-25T07:04:57.962Z"}
{"level":"info","message":"clientIdentity: 21, requestId: undefined","timestamp":"2020-08-25T07:04:59.593Z"}
{"level":"error","message":"clientIdentity: 21. requestId: undefined. Error: Error Can't insert key 3032, it violates the unique constraint Error: Can't insert key 3032, it violates the unique constraint\n    at _AVLTree.insert (/usr/local/lib/node_modules/sync-server/node_modules/binary-search-tree/lib/avltree.js:273:19)\n    at AVLTree.insert (/usr/local/lib/node_modules/sync-server/node_modules/binary-search-tree/lib/avltree.js:307:27)\n    at Index.insert (/usr/local/lib/node_modules/sync-server/node_modules/nedb/lib/indexes.js:77:15)\n    at Datastore.addToIndexes (/usr/local/lib/node_modules/sync-server/node_modules/nedb/lib/datastore.js:180:29)\n    at Datastore._insertInCache (/usr/local/lib/node_modules/sync-server/node_modules/nedb/lib/datastore.js:402:10)\n    at Datastore._insert (/usr/local/lib/node_modules/sync-server/node_modules/nedb/lib/datastore.js:348:10)\n    at /usr/local/lib/node_modules/sync-server/node_modules/nedb/lib/executor.js:40:13\n    at Immediate.process (/usr/local/lib/node_modules/sync-server/node_modules/async/lib/async.js:731:21)\n    at processImmediate (internal/timers.js:456:21)","timestamp":"2020-08-25T07:04:59.595Z"}
{"level":"info","message":"clientIdentity: 22, requestId: undefined","timestamp":"2020-08-25T07:05:07.983Z"}
{"level":"info","message":"clientIdentity: 22, requestId: undefined","timestamp":"2020-08-25T07:05:12.660Z"}
{"level":"info","message":"clientIdentity: 22, requestId: undefined","timestamp":"2020-08-25T07:05:22.687Z"}
{"level":"info","message":"clientIdentity: 22, requestId: undefined","timestamp":"2020-08-25T07:05:32.709Z"}
{"level":"info","message":"clientIdentity: 20, requestId: undefined","timestamp":"2020-08-25T07:05:46.750Z"}
{"level":"error","message":"clientIdentity: 20. requestId: undefined. Error: Error Can't insert key 3032, it violates the unique constraint Error: Can't insert key 3032, it violates the unique constraint\n    at _AVLTree.insert (/usr/local/lib/node_modules/sync-server/node_modules/binary-search-tree/lib/avltree.js:273:19)\n    at AVLTree.insert (/usr/local/lib/node_modules/sync-server/node_modules/binary-search-tree/lib/avltree.js:307:27)\n    at Index.insert (/usr/local/lib/node_modules/sync-server/node_modules/nedb/lib/indexes.js:77:15)\n    at Datastore.addToIndexes (/usr/local/lib/node_modules/sync-server/node_modules/nedb/lib/datastore.js:180:29)\n    at Datastore._insertInCache (/usr/local/lib/node_modules/sync-server/node_modules/nedb/lib/datastore.js:402:10)\n    at Datastore._insert (/usr/local/lib/node_modules/sync-server/node_modules/nedb/lib/datastore.js:348:10)\n    at /usr/local/lib/node_modules/sync-server/node_modules/nedb/lib/executor.js:40:13\n    at Immediate.process (/usr/local/lib/node_modules/sync-server/node_modules/async/lib/async.js:731:21)\n    at processImmediate (internal/timers.js:456:21)","timestamp":"2020-08-25T07:05:46.760Z"}
{"level":"info","message":"clientIdentity: 20, requestId: undefined","timestamp":"2020-08-25T07:05:47.003Z"}
{"level":"error","message":"clientIdentity: 20. requestId: undefined. Error: Error Can't insert key 3032, it violates the unique constraint Error: Can't insert key 3032, it violates the unique constraint\n    at _AVLTree.insert (/usr/local/lib/node_modules/sync-server/node_modules/binary-search-tree/lib/avltree.js:273:19)\n    at AVLTree.insert (/usr/local/lib/node_modules/sync-server/node_modules/binary-search-tree/lib/avltree.js:307:27)\n    at Index.insert (/usr/local/lib/node_modules/sync-server/node_modules/nedb/lib/indexes.js:77:15)\n    at Datastore.addToIndexes (/usr/local/lib/node_modules/sync-server/node_modules/nedb/lib/datastore.js:180:29)\n    at Datastore._insertInCache (/usr/local/lib/node_modules/sync-server/node_modules/nedb/lib/datastore.js:402:10)\n    at Datastore._insert (/usr/local/lib/node_modules/sync-server/node_modules/nedb/lib/datastore.js:348:10)\n    at /usr/local/lib/node_modules/sync-server/node_modules/nedb/lib/executor.js:40:13\n    at Immediate.process (/usr/local/lib/node_modules/sync-server/node_modules/async/lib/async.js:731:21)\n    at processImmediate (internal/timers.js:456:21)","timestamp":"2020-08-25T07:05:47.009Z"}
